2003-07-09 06:16:57.270Z client ? client.run hubLink=<HubLink.HubLink object at 0x8275f4c>
2003-07-09 06:16:57.272Z client ? PollHandler.run running...
Traceback (most recent call last):
  File "echelle-check.py", line 111, in ?
    time.sleep(900)
  File "/w/cloomis/MC-2003-07-01/Client/client.py", line 118, in keyboard
    raise KeyboardInterrupt
KeyboardInterrupt
2003-07-09 06:17:16.078Z client ? client.run hubLink=<HubLink.HubLink object at 0x8275f4c>
2003-07-09 06:17:16.080Z client ? PollHandler.run running...
2003-07-09 06:22:55.478Z client ? client.run hubLink=<HubLink.HubLink object at 0x8275f4c>
2003-07-09 06:22:55.480Z client ? PollHandler.run running...
2003-07-10 01:41:10.267Z client ? IOhandler.shutdown what=<HubLink.ClientNub object at 0x827c1ac> why=read returned nothing.
2003-07-10 01:41:10.269Z client ? Poll.registry entirely removed (via in) fd=8
2003-07-10 01:41:18.787Z client ? Poll.registry Cannot remove input for fd=None
2003-07-10 01:42:10.112Z client ? client.run hubLink=<HubLink.HubLink object at 0x827ba0c>
2003-07-10 01:42:10.114Z client ? PollHandler.run running...
Traceback (most recent call last):
  File "echelle-check.py", line 108, in ?
    echelle_ln2stat(ln2Note)
  File "echelle-check.py", line 54, in echelle_ln2stat
    rline = r['lines'][0]['ECHELLETXT']
KeyError: 'ECHELLETXT'
2003-07-10 18:52:00.632Z client ? IOhandler.shutdown what=<HubLink.ClientNub object at 0x827b38c> why=read returned nothing.
2003-07-10 18:52:00.633Z client ? Poll.registry entirely removed (via in) fd=8
2003-07-10 19:13:35.979Z client ? client.run hubLink=<HubLink.HubLink object at 0x827ba2c>
2003-07-10 19:13:35.981Z client ? PollHandler.run running...
2003-07-11 16:58:15.189Z client ? IOhandler.shutdown what=<HubLink.ClientNub object at 0x827b3ac> why=read returned nothing.
2003-07-11 16:58:15.203Z client ? Poll.registry entirely removed (via in) fd=8
2003-07-11 17:02:18.541Z client ? Poll.registry Cannot remove input for fd=None
2003-07-12 06:24:13.904Z client ? client.run hubLink=<HubLink.HubLink object at 0x827ba2c>
2003-07-12 06:24:13.906Z client ? PollHandler.run running...
2003-07-12 06:33:54.285Z client ? IOhandler.shutdown what=<HubLink.ClientNub object at 0x827b3ac> why=read returned nothing.
2003-07-12 06:33:54.286Z client ? Poll.registry entirely removed (via in) fd=8
2003-07-12 06:39:16.478Z client ? Poll.registry Cannot remove input for fd=None
2003-07-12 06:45:40.651Z client ? client.run hubLink=<HubLink.HubLink object at 0x827ba2c>
2003-07-12 06:45:40.653Z client ? PollHandler.run running...
Traceback (most recent call last):
  File "echelle-check.py", line 114, in ?
    time.sleep(900)
  File "/w/cloomis/MC-2003-07-01/Client/client.py", line 118, in keyboard
    raise KeyboardInterrupt
KeyboardInterrupt
2003-07-12 06:46:14.221Z client ? client.run hubLink=<HubLink.HubLink object at 0x827ba2c>
2003-07-12 06:46:14.223Z client ? PollHandler.run running...
Traceback (most recent call last):
  File "echelle-check.py", line 109, in ?
    echelle_ln2stat(ln2Note)
  File "echelle-check.py", line 54, in echelle_ln2stat
    rline = r['lines'][0]['ECHELLETXT']
KeyError: 'ECHELLETXT'
2003-07-22 17:01:20.385Z client ? IOhandler.shutdown what=<HubLink.ClientNub object at 0x827b3ac> why=read returned nothing.
2003-07-22 17:01:20.421Z client ? Poll.registry entirely removed (via in) fd=8
Traceback (most recent call last):
  File "echelle-check.py", line 6, in ?
    from client import *
ImportError: No module named client
2003-07-26 05:39:42.252Z client ? client.run hubLink=<HubLink.HubLink object at 0x8275bec>
2003-07-26 05:39:42.254Z client ? PollHandler.run running...
2003-07-26 05:42:52.625Z client ? client.run hubLink=<HubLink.HubLink object at 0x8275bec>
2003-07-26 05:42:52.627Z client ? PollHandler.run running...
2003-07-26 05:45:41.686Z client ? IOhandler.shutdown what=<HubLink.ClientNub object at 0x827556c> why=read returned nothing.
2003-07-26 05:45:41.687Z client ? Poll.registry entirely removed (via in) fd=8
2003-07-26 05:46:49.459Z client ? client.run hubLink=<HubLink.HubLink object at 0x8275bec>
2003-07-26 05:46:49.461Z client ? PollHandler.run running...
Traceback (most recent call last):
  File "echelle-check.py", line 109, in ?
    echelle_ln2stat(ln2Note)
  File "echelle-check.py", line 54, in echelle_ln2stat
    rline = r['lines'][0]['ECHELLETXT']
KeyError: 'ECHELLETXT'
